  [1m[35m (0.3ms)[0m  [1m[35mCREATE DATABASE "garage_development" ENCODING = 'unicode'[0m
  ↳ /home/alexey/.rvm/gems/ruby-2.6.3/bin/rake:23
  [1m[35m (0.2ms)[0m  [1m[35mCREATE DATABASE "garage_test" ENCODING = 'unicode'[0m
  ↳ /home/alexey/.rvm/gems/ruby-2.6.3/bin/rake:23
  [1m[35m (113.7ms)[0m  [1m[35mDROP DATABASE IF EXISTS "garage_development"[0m
  ↳ /home/alexey/.rvm/gems/ruby-2.6.3/bin/rake:23
  [1m[35m (109.7ms)[0m  [1m[35mDROP DATABASE IF EXISTS "garage_test"[0m
  ↳ /home/alexey/.rvm/gems/ruby-2.6.3/bin/rake:23
  [1m[35m (459.6ms)[0m  [1m[35mCREATE DATABASE "garage_development" ENCODING = 'unicode'[0m
  ↳ /home/alexey/.rvm/gems/ruby-2.6.3/bin/rake:23
  [1m[35m (550.5ms)[0m  [1m[35mCREATE DATABASE "garage_test" ENCODING = 'unicode'[0m
  ↳ /home/alexey/.rvm/gems/ruby-2.6.3/bin/rake:23
Started GET "/" for 127.0.0.1 at 2019-09-10 22:54:29 +0300
Processing by Rails::WelcomeController#index as HTML
  Rendering /home/alexey/.rvm/gems/ruby-2.6.3/gems/railties-5.2.3/lib/rails/templates/rails/welcome/index.html.erb
  Rendered /home/alexey/.rvm/gems/ruby-2.6.3/gems/railties-5.2.3/lib/rails/templates/rails/welcome/index.html.erb (1.7ms)
Completed 200 OK in 4ms (Views: 3.8ms | ActiveRecord: 0.0ms)


  [1m[35m (25.8ms)[0m  [1m[35mCREATE TABLE "schema_migrations" ("version" character varying NOT NULL PRIMARY KEY)[0m
  ↳ /home/alexey/.rvm/gems/ruby-2.6.3/bin/rake:23
  [1m[35m (20.0ms)[0m  [1m[35mCREATE TABLE "ar_internal_metadata" ("key" character varying NOT NULL PRIMARY KEY, "value" character varying, "created_at" timestamp NOT NULL, "updated_at" timestamp NOT NULL)[0m
  ↳ /home/alexey/.rvm/gems/ruby-2.6.3/bin/rake:23
  [1m[35m (0.2ms)[0m  [1m[34mSELECT pg_try_advisory_lock(1440027901488305010)[0m
  ↳ /home/alexey/.rvm/gems/ruby-2.6.3/bin/rake:23
  [1m[35m (0.5ms)[0m  [1m[34mSELECT "schema_migrations"."version" FROM "schema_migrations" ORDER BY "schema_migrations"."version" ASC[0m
  ↳ /home/alexey/.rvm/gems/ruby-2.6.3/bin/rake:23
Migrating to CreateTasks (20190910195458)
  [1m[35m (0.1ms)[0m  [1m[35mBEGIN[0m
  ↳ /home/alexey/.rvm/gems/ruby-2.6.3/bin/rake:23
  [1m[35m (14.3ms)[0m  [1m[35mCREATE TABLE "tasks" ("id" bigserial primary key)[0m
  ↳ db/migrate/20190910195458_create_tasks.rb:3
  [1m[36mActiveRecord::SchemaMigration Create (0.4ms)[0m  [1m[32mINSERT INTO "schema_migrations" ("version") VALUES ($1) RETURNING "version"[0m  [["version", "20190910195458"]]
  ↳ /home/alexey/.rvm/gems/ruby-2.6.3/bin/rake:23
  [1m[35m (3.5ms)[0m  [1m[35mCOMMIT[0m
  ↳ /home/alexey/.rvm/gems/ruby-2.6.3/bin/rake:23
Migrating to CreateProjects (20190910195601)
  [1m[35m (0.1ms)[0m  [1m[35mBEGIN[0m
  ↳ /home/alexey/.rvm/gems/ruby-2.6.3/bin/rake:23
  [1m[35m (13.7ms)[0m  [1m[35mCREATE TABLE "projects" ("id" bigserial primary key, "name" character varying, "created_at" timestamp NOT NULL, "updated_at" timestamp NOT NULL)[0m
  ↳ db/migrate/20190910195601_create_projects.rb:3
  [1m[36mActiveRecord::SchemaMigration Create (0.2ms)[0m  [1m[32mINSERT INTO "schema_migrations" ("version") VALUES ($1) RETURNING "version"[0m  [["version", "20190910195601"]]
  ↳ /home/alexey/.rvm/gems/ruby-2.6.3/bin/rake:23
  [1m[35m (0.9ms)[0m  [1m[35mCOMMIT[0m
  ↳ /home/alexey/.rvm/gems/ruby-2.6.3/bin/rake:23
  [1m[36mActiveRecord::InternalMetadata Load (0.2ms)[0m  [1m[34mSELECT  "ar_internal_metadata".* FROM "ar_internal_metadata" WHERE "ar_internal_metadata"."key" = $1 LIMIT $2[0m  [["key", "environment"], ["LIMIT", 1]]
  ↳ /home/alexey/.rvm/gems/ruby-2.6.3/bin/rake:23
  [1m[35m (0.1ms)[0m  [1m[35mBEGIN[0m
  ↳ /home/alexey/.rvm/gems/ruby-2.6.3/bin/rake:23
  [1m[36mActiveRecord::InternalMetadata Create (0.3ms)[0m  [1m[32mINSERT INTO "ar_internal_metadata" ("key", "value", "created_at", "updated_at") VALUES ($1, $2, $3, $4) RETURNING "key"[0m  [["key", "environment"], ["value", "development"], ["created_at", "2019-09-10 19:56:22.827333"], ["updated_at", "2019-09-10 19:56:22.827333"]]
  ↳ /home/alexey/.rvm/gems/ruby-2.6.3/bin/rake:23
  [1m[35m (1.0ms)[0m  [1m[35mCOMMIT[0m
  ↳ /home/alexey/.rvm/gems/ruby-2.6.3/bin/rake:23
  [1m[35m (0.1ms)[0m  [1m[34mSELECT pg_advisory_unlock(1440027901488305010)[0m
  ↳ /home/alexey/.rvm/gems/ruby-2.6.3/bin/rake:23
  [1m[35m (0.2ms)[0m  [1m[34mSELECT "schema_migrations"."version" FROM "schema_migrations" ORDER BY "schema_migrations"."version" ASC[0m
  ↳ /home/alexey/.rvm/gems/ruby-2.6.3/bin/rake:23
  [1m[35m (0.4ms)[0m  [1m[34mSELECT "schema_migrations"."version" FROM "schema_migrations" ORDER BY "schema_migrations"."version" ASC[0m
  ↳ /home/alexey/.rvm/gems/ruby-2.6.3/bin/rake:23
  [1m[35m (0.2ms)[0m  [1m[34mSELECT "schema_migrations"."version" FROM "schema_migrations" ORDER BY "schema_migrations"."version" ASC[0m
  ↳ /home/alexey/.rvm/gems/ruby-2.6.3/bin/rake:23
  [1m[35m (0.1ms)[0m  [1m[34mSELECT "schema_migrations"."version" FROM "schema_migrations" ORDER BY "schema_migrations"."version" ASC[0m
  ↳ /home/alexey/.rvm/gems/ruby-2.6.3/bin/rake:23
  [1m[35m (0.1ms)[0m  [1m[34mSELECT pg_try_advisory_lock(1440027901488305010)[0m
  ↳ /home/alexey/.rvm/gems/ruby-2.6.3/bin/rake:23
  [1m[35m (0.3ms)[0m  [1m[34mSELECT "schema_migrations"."version" FROM "schema_migrations" ORDER BY "schema_migrations"."version" ASC[0m
  ↳ /home/alexey/.rvm/gems/ruby-2.6.3/bin/rake:23
Migrating to CreateProjects (20190910195601)
  [1m[35m (0.1ms)[0m  [1m[35mBEGIN[0m
  ↳ /home/alexey/.rvm/gems/ruby-2.6.3/bin/rake:23
  [1m[35m (0.9ms)[0m  [1m[35mDROP TABLE "projects"[0m
  ↳ /home/alexey/.rvm/gems/ruby-2.6.3/bin/rake:23
  [1m[36mActiveRecord::SchemaMigration Destroy (0.4ms)[0m  [1m[31mDELETE FROM "schema_migrations" WHERE "schema_migrations"."version" = $1[0m  [["version", "20190910195601"]]
  ↳ /home/alexey/.rvm/gems/ruby-2.6.3/bin/rake:23
  [1m[35m (2.0ms)[0m  [1m[35mCOMMIT[0m
  ↳ /home/alexey/.rvm/gems/ruby-2.6.3/bin/rake:23
Migrating to CreateTasks (20190910195458)
  [1m[35m (0.1ms)[0m  [1m[35mBEGIN[0m
  ↳ /home/alexey/.rvm/gems/ruby-2.6.3/bin/rake:23
  [1m[35m (0.5ms)[0m  [1m[35mDROP TABLE "tasks"[0m
  ↳ /home/alexey/.rvm/gems/ruby-2.6.3/bin/rake:23
  [1m[36mActiveRecord::SchemaMigration Destroy (0.2ms)[0m  [1m[31mDELETE FROM "schema_migrations" WHERE "schema_migrations"."version" = $1[0m  [["version", "20190910195458"]]
  ↳ /home/alexey/.rvm/gems/ruby-2.6.3/bin/rake:23
  [1m[35m (1.2ms)[0m  [1m[35mCOMMIT[0m
  ↳ /home/alexey/.rvm/gems/ruby-2.6.3/bin/rake:23
  [1m[35m (0.2ms)[0m  [1m[34mSELECT pg_advisory_unlock(1440027901488305010)[0m
  ↳ /home/alexey/.rvm/gems/ruby-2.6.3/bin/rake:23
  [1m[35m (0.1ms)[0m  [1m[34mSELECT "schema_migrations"."version" FROM "schema_migrations" ORDER BY "schema_migrations"."version" ASC[0m
  ↳ /home/alexey/.rvm/gems/ruby-2.6.3/bin/rake:23
  [1m[35m (0.2ms)[0m  [1m[34mSELECT pg_try_advisory_lock(1440027901488305010)[0m
  ↳ /home/alexey/.rvm/gems/ruby-2.6.3/bin/rake:23
  [1m[35m (0.4ms)[0m  [1m[34mSELECT "schema_migrations"."version" FROM "schema_migrations" ORDER BY "schema_migrations"."version" ASC[0m
  ↳ /home/alexey/.rvm/gems/ruby-2.6.3/bin/rake:23
Migrating to CreateTasks (20190910195458)
  [1m[35m (0.1ms)[0m  [1m[35mBEGIN[0m
  ↳ /home/alexey/.rvm/gems/ruby-2.6.3/bin/rake:23
  [1m[35m (6.4ms)[0m  [1m[35mCREATE TABLE "tasks" ("id" bigserial primary key, "name" character varying, "project_id" integer, "status" integer, "created_at" timestamp NOT NULL, "updated_at" timestamp NOT NULL)[0m
  ↳ db/migrate/20190910195458_create_tasks.rb:3
  [1m[36mActiveRecord::SchemaMigration Create (0.2ms)[0m  [1m[32mINSERT INTO "schema_migrations" ("version") VALUES ($1) RETURNING "version"[0m  [["version", "20190910195458"]]
  ↳ /home/alexey/.rvm/gems/ruby-2.6.3/bin/rake:23
  [1m[35m (1.6ms)[0m  [1m[35mCOMMIT[0m
  ↳ /home/alexey/.rvm/gems/ruby-2.6.3/bin/rake:23
Migrating to CreateProjects (20190910195601)
  [1m[35m (0.2ms)[0m  [1m[35mBEGIN[0m
  ↳ /home/alexey/.rvm/gems/ruby-2.6.3/bin/rake:23
  [1m[35m (5.4ms)[0m  [1m[35mCREATE TABLE "projects" ("id" bigserial primary key, "name" character varying, "created_at" timestamp NOT NULL, "updated_at" timestamp NOT NULL)[0m
  ↳ db/migrate/20190910195601_create_projects.rb:3
  [1m[36mActiveRecord::SchemaMigration Create (0.2ms)[0m  [1m[32mINSERT INTO "schema_migrations" ("version") VALUES ($1) RETURNING "version"[0m  [["version", "20190910195601"]]
  ↳ /home/alexey/.rvm/gems/ruby-2.6.3/bin/rake:23
  [1m[35m (0.9ms)[0m  [1m[35mCOMMIT[0m
  ↳ /home/alexey/.rvm/gems/ruby-2.6.3/bin/rake:23
  [1m[36mActiveRecord::InternalMetadata Load (0.3ms)[0m  [1m[34mSELECT  "ar_internal_metadata".* FROM "ar_internal_metadata" WHERE "ar_internal_metadata"."key" = $1 LIMIT $2[0m  [["key", "environment"], ["LIMIT", 1]]
  ↳ /home/alexey/.rvm/gems/ruby-2.6.3/bin/rake:23
  [1m[35m (0.2ms)[0m  [1m[35mBEGIN[0m
  ↳ /home/alexey/.rvm/gems/ruby-2.6.3/bin/rake:23
  [1m[35m (0.1ms)[0m  [1m[35mCOMMIT[0m
  ↳ /home/alexey/.rvm/gems/ruby-2.6.3/bin/rake:23
  [1m[35m (0.3ms)[0m  [1m[34mSELECT pg_advisory_unlock(1440027901488305010)[0m
  ↳ /home/alexey/.rvm/gems/ruby-2.6.3/bin/rake:23
  [1m[35m (0.2ms)[0m  [1m[34mSELECT "schema_migrations"."version" FROM "schema_migrations" ORDER BY "schema_migrations"."version" ASC[0m
  ↳ /home/alexey/.rvm/gems/ruby-2.6.3/bin/rake:23
Started GET "/" for 127.0.0.1 at 2019-09-10 23:02:23 +0300
  [1m[35m (0.3ms)[0m  [1m[34mSELECT "schema_migrations"."version" FROM "schema_migrations" ORDER BY "schema_migrations"."version" ASC[0m
  ↳ /home/alexey/.rvm/gems/ruby-2.6.3/gems/activerecord-5.2.3/lib/active_record/log_subscriber.rb:98
Processing by ProjectsController#index as HTML
  Rendering projects/index.html.erb within layouts/application
  Rendered projects/index.html.erb within layouts/application (0.4ms)
Completed 200 OK in 198ms (Views: 197.7ms | ActiveRecord: 0.0ms)


Started GET "/" for 127.0.0.1 at 2019-09-10 23:02:25 +0300
Processing by ProjectsController#index as HTML
  Rendering projects/index.html.erb within layouts/application
  Rendered projects/index.html.erb within layouts/application (0.3ms)
Completed 200 OK in 9ms (Views: 8.6ms | ActiveRecord: 0.0ms)


Started GET "/" for 127.0.0.1 at 2019-09-10 23:02:26 +0300
Processing by ProjectsController#index as HTML
  Rendering projects/index.html.erb within layouts/application
  Rendered projects/index.html.erb within layouts/application (0.2ms)
Completed 200 OK in 8ms (Views: 7.4ms | ActiveRecord: 0.0ms)


Started GET "/" for 127.0.0.1 at 2019-09-10 23:02:43 +0300
Processing by ProjectsController#index as HTML
  Rendering projects/index.html.erb within layouts/application
  Rendered projects/index.html.erb within layouts/application (0.2ms)
Completed 200 OK in 6ms (Views: 6.2ms | ActiveRecord: 0.0ms)


Started GET "/" for 127.0.0.1 at 2019-09-10 23:02:44 +0300
Processing by ProjectsController#index as HTML
  Rendering projects/index.html.erb within layouts/application
  Rendered projects/index.html.erb within layouts/application (0.4ms)
Completed 200 OK in 12ms (Views: 12.1ms | ActiveRecord: 0.0ms)


Started GET "/" for 127.0.0.1 at 2019-09-10 23:02:45 +0300
Processing by ProjectsController#index as HTML
  Rendering projects/index.html.erb within layouts/application
  Rendered projects/index.html.erb within layouts/application (0.2ms)
Completed 200 OK in 6ms (Views: 6.1ms | ActiveRecord: 0.0ms)


Started GET "/" for 127.0.0.1 at 2019-09-10 23:02:45 +0300
Processing by ProjectsController#index as HTML
  Rendering projects/index.html.erb within layouts/application
  Rendered projects/index.html.erb within layouts/application (0.2ms)
Completed 200 OK in 7ms (Views: 6.6ms | ActiveRecord: 0.0ms)


Started GET "/" for 127.0.0.1 at 2019-09-10 23:02:53 +0300
Processing by ProjectsController#index as HTML
  Rendering projects/index.html.erb within layouts/application
  Rendered projects/index.html.erb within layouts/application (0.4ms)
Completed 200 OK in 10ms (Views: 9.8ms | ActiveRecord: 0.0ms)


Started GET "/" for 127.0.0.1 at 2019-09-10 23:02:54 +0300
Processing by ProjectsController#index as HTML
  Rendering projects/index.html.erb within layouts/application
  Rendered projects/index.html.erb within layouts/application (0.2ms)
Completed 200 OK in 7ms (Views: 6.5ms | ActiveRecord: 0.0ms)


Started GET "/" for 127.0.0.1 at 2019-09-10 23:02:54 +0300
Processing by ProjectsController#index as HTML
  Rendering projects/index.html.erb within layouts/application
  Rendered projects/index.html.erb within layouts/application (0.2ms)
Completed 200 OK in 5ms (Views: 5.2ms | ActiveRecord: 0.0ms)


Started GET "/" for 127.0.0.1 at 2019-09-10 23:03:01 +0300
Processing by ProjectsController#index as HTML
  Rendering projects/index.html.erb within layouts/application
  Rendered projects/index.html.erb within layouts/application (0.2ms)
Completed 200 OK in 9ms (Views: 8.6ms | ActiveRecord: 0.0ms)


Started GET "/" for 127.0.0.1 at 2019-09-10 23:04:35 +0300
Processing by ProjectsController#index as HTML
Completed 500 Internal Server Error in 1ms (ActiveRecord: 0.0ms)


  
NameError (uninitialized constant ProjectsController::Project):
  
app/controllers/projects_controller.rb:3:in `index'
Started GET "/" for 127.0.0.1 at 2019-09-10 23:16:57 +0300
  [1m[35m (0.4ms)[0m  [1m[34mSELECT "schema_migrations"."version" FROM "schema_migrations" ORDER BY "schema_migrations"."version" ASC[0m
  ↳ /home/alexey/.rvm/gems/ruby-2.6.3/gems/activerecord-5.2.3/lib/active_record/log_subscriber.rb:98
Processing by ProjectsController#index as HTML
  Rendering projects/index.html.erb within layouts/application
  [1m[36mProject Load (0.5ms)[0m  [1m[34mSELECT "projects".* FROM "projects"[0m
  ↳ app/views/projects/index.html.erb:4
  Rendered projects/index.html.erb within layouts/application (3.2ms)
Completed 200 OK in 205ms (Views: 188.4ms | ActiveRecord: 1.6ms)


Started GET "/" for 127.0.0.1 at 2019-09-10 23:17:01 +0300
Processing by ProjectsController#index as HTML
  Rendering projects/index.html.erb within layouts/application
  [1m[36mProject Load (0.3ms)[0m  [1m[34mSELECT "projects".* FROM "projects"[0m
  ↳ app/views/projects/index.html.erb:4
  Rendered projects/index.html.erb within layouts/application (1.6ms)
Completed 200 OK in 12ms (Views: 10.6ms | ActiveRecord: 0.3ms)


Started GET "/" for 127.0.0.1 at 2019-09-10 23:17:03 +0300
Processing by ProjectsController#index as HTML
  Rendering projects/index.html.erb within layouts/application
  [1m[36mProject Load (0.3ms)[0m  [1m[34mSELECT "projects".* FROM "projects"[0m
  ↳ app/views/projects/index.html.erb:4
  Rendered projects/index.html.erb within layouts/application (1.6ms)
Completed 200 OK in 8ms (Views: 7.5ms | ActiveRecord: 0.3ms)


Started GET "/" for 127.0.0.1 at 2019-09-10 23:19:49 +0300
Processing by ProjectsController#index as HTML
  Rendering projects/index.html.erb within layouts/application
  [1m[36mProject Load (0.3ms)[0m  [1m[34mSELECT "projects".* FROM "projects"[0m
  ↳ app/views/projects/index.html.erb:4
  Rendered projects/index.html.erb within layouts/application (1.3ms)
Completed 200 OK in 15ms (Views: 14.7ms | ActiveRecord: 0.3ms)


Started GET "/" for 127.0.0.1 at 2019-09-10 23:20:45 +0300
Processing by ProjectsController#index as HTML
  Rendering projects/index.html.erb within layouts/application
  [1m[36mProject Load (0.2ms)[0m  [1m[34mSELECT "projects".* FROM "projects"[0m
  ↳ app/views/projects/index.html.erb:4
  Rendered projects/index.html.erb within layouts/application (1.5ms)
Completed 200 OK in 12ms (Views: 11.0ms | ActiveRecord: 0.2ms)


Started GET "/projects/new" for 127.0.0.1 at 2019-09-10 23:20:52 +0300
Processing by ProjectsController#new as HTML
  Rendering projects/new.html.erb within layouts/application
  Rendered projects/_form.html.erb (58.7ms)
  Rendered projects/new.html.erb within layouts/application (59.6ms)
Completed 500 Internal Server Error in 65ms (ActiveRecord: 2.0ms)


  
ActionView::Template::Error (undefined method `error_messages' for #<ActionView::Helpers::FormBuilder:0x00007f65640496d0>):
     8:     <p><%= f.submit "Ok" %></p>
     9:   </div>
    10: </div>
    11: <%= f.error_messages %>
  
app/views/projects/_form.html.erb:11:in `_app_views_projects__form_html_erb___2894572060579551955_70036723220840'
app/views/projects/new.html.erb:4:in `block in _app_views_projects_new_html_erb___1338618843640583069_70036689655960'
app/views/projects/new.html.erb:3:in `_app_views_projects_new_html_erb___1338618843640583069_70036689655960'
Started GET "/projects/new" for 127.0.0.1 at 2019-09-10 23:22:33 +0300
Processing by ProjectsController#new as HTML
  Rendering projects/new.html.erb within layouts/application
  Rendered projects/_form.html.erb (64.0ms)
  Rendered projects/new.html.erb within layouts/application (64.9ms)
Completed 500 Internal Server Error in 66ms (ActiveRecord: 0.0ms)


  
ActionView::Template::Error (undefined method `error_messages' for #<ActionView::Helpers::FormBuilder:0x00007f65640b1820>):
     8:     <p><%= f.submit "Ok" %></p>
     9:   </div>
    10: </div>
    11: <%= f.error_messages %>
  
app/views/projects/_form.html.erb:11:in `_app_views_projects__form_html_erb___2894572060579551955_70036723433700'
app/views/projects/new.html.erb:4:in `block in _app_views_projects_new_html_erb___1338618843640583069_70036723416120'
app/views/projects/new.html.erb:3:in `_app_views_projects_new_html_erb___1338618843640583069_70036723416120'
Started GET "/projects/new" for 127.0.0.1 at 2019-09-10 23:22:38 +0300
Processing by ProjectsController#new as HTML
  Rendering projects/new.html.erb within layouts/application
  Rendered projects/_form.html.erb (44.4ms)
  Rendered projects/new.html.erb within layouts/application (45.2ms)
Completed 500 Internal Server Error in 46ms (ActiveRecord: 0.0ms)


  
ActionView::Template::Error (undefined method `error_messages' for #<ActionView::Helpers::FormBuilder:0x00007f6568109dc8>):
     8:     <p><%= f.submit "Ok" %></p>
     9:   </div>
    10: </div>
    11: <%= f.error_messages %>
  
app/views/projects/_form.html.erb:11:in `_app_views_projects__form_html_erb___2894572060579551955_70036757169400'
app/views/projects/new.html.erb:4:in `block in _app_views_projects_new_html_erb___1338618843640583069_70036757167860'
app/views/projects/new.html.erb:3:in `_app_views_projects_new_html_erb___1338618843640583069_70036757167860'
Started GET "/projects/new" for 127.0.0.1 at 2019-09-10 23:22:57 +0300
Processing by ProjectsController#new as HTML
  Rendering projects/new.html.erb within layouts/application
  Rendered projects/_form.html.erb (1.5ms)
  Rendered projects/new.html.erb within layouts/application (2.3ms)
Completed 500 Internal Server Error in 4ms (ActiveRecord: 0.0ms)


  
ActionView::Template::Error (undefined method `errors' for nil:NilClass):
     8:     <p><%= f.submit "Ok" %></p>
     9:   </div>
    10: </div>
    11: <% if f.object.errors.any? %>
    12: <ul>
    13:   <% f.object.errors.full_messages.each do |msg| %>
    14:     <li><%= msg %></li>
  
app/views/projects/_form.html.erb:11:in `_app_views_projects__form_html_erb___2894572060579551955_70036841484180'
app/views/projects/new.html.erb:4:in `block in _app_views_projects_new_html_erb___1338618843640583069_70036841449880'
app/views/projects/new.html.erb:3:in `_app_views_projects_new_html_erb___1338618843640583069_70036841449880'
Started GET "/projects/new" for 127.0.0.1 at 2019-09-10 23:23:30 +0300
Processing by ProjectsController#new as HTML
  Rendering projects/new.html.erb within layouts/application
  Rendered projects/_form.html.erb (0.3ms)
  Rendered projects/new.html.erb within layouts/application (1.8ms)
Completed 200 OK in 11ms (Views: 10.7ms | ActiveRecord: 0.0ms)


Started GET "/projects/new" for 127.0.0.1 at 2019-09-10 23:23:34 +0300
Processing by ProjectsController#new as HTML
  Rendering projects/new.html.erb within layouts/application
  Rendered projects/_form.html.erb (0.3ms)
  Rendered projects/new.html.erb within layouts/application (1.4ms)
Completed 200 OK in 11ms (Views: 10.1ms | ActiveRecord: 0.0ms)


Started GET "/projects/new" for 127.0.0.1 at 2019-09-10 23:24:33 +0300
Processing by ProjectsController#new as HTML
  Rendering projects/new.html.erb within layouts/application
  Rendered projects/_form.html.erb (0.3ms)
  Rendered projects/new.html.erb within layouts/application (1.2ms)
Completed 200 OK in 8ms (Views: 8.1ms | ActiveRecord: 0.0ms)


Started GET "/projects/new" for 127.0.0.1 at 2019-09-10 23:25:20 +0300
Processing by ProjectsController#new as HTML
  Rendering projects/new.html.erb within layouts/application
  Rendered projects/_form.html.erb (0.5ms)
  Rendered projects/new.html.erb within layouts/application (1.8ms)
Completed 200 OK in 10ms (Views: 9.1ms | ActiveRecord: 0.0ms)


Started GET "/projects/new" for 127.0.0.1 at 2019-09-10 23:25:58 +0300
Processing by ProjectsController#new as HTML
  Rendering projects/new.html.erb within layouts/application
  Rendered projects/_form.html.erb (0.3ms)
  Rendered projects/new.html.erb within layouts/application (1.3ms)
Completed 200 OK in 8ms (Views: 7.7ms | ActiveRecord: 0.0ms)


Started POST "/projects" for 127.0.0.1 at 2019-09-10 23:26:09 +0300
Processing by ProjectsController#create as HTML
  Parameters: {"utf8"=>"✓", "authenticity_token"=>"xRNYdZUkel0YApV2pp6b47zIeYpP1nL0XBocMZwxV8hMUvitlleXYRbNU81WvX8OGY/EU+64KmpwOd3i0kQ2Hw==", "project"=>{"name"=>"Test project"}, "commit"=>"Ok"}
Completed 500 Internal Server Error in 1ms (ActiveRecord: 0.0ms)


  
ActiveModel::ForbiddenAttributesError (ActiveModel::ForbiddenAttributesError):
  
app/controllers/projects_controller.rb:12:in `create'
Started POST "/projects" for 127.0.0.1 at 2019-09-10 23:27:45 +0300
Processing by ProjectsController#create as HTML
  Parameters: {"utf8"=>"✓", "authenticity_token"=>"xRNYdZUkel0YApV2pp6b47zIeYpP1nL0XBocMZwxV8hMUvitlleXYRbNU81WvX8OGY/EU+64KmpwOd3i0kQ2Hw==", "project"=>{"name"=>"Test project"}, "commit"=>"Ok"}
Completed 500 Internal Server Error in 7ms (ActiveRecord: 3.4ms)


  
ActiveModel::ForbiddenAttributesError (ActiveModel::ForbiddenAttributesError):
  
app/controllers/projects_controller.rb:12:in `create'
Started GET "/" for 127.0.0.1 at 2019-09-10 23:30:25 +0300
  [1m[35m (0.3ms)[0m  [1m[34mSELECT "schema_migrations"."version" FROM "schema_migrations" ORDER BY "schema_migrations"."version" ASC[0m
  ↳ /home/alexey/.rvm/gems/ruby-2.6.3/gems/activerecord-5.2.3/lib/active_record/log_subscriber.rb:98
Processing by ProjectsController#index as HTML
  Rendering projects/index.html.erb within layouts/application
  [1m[36mProject Load (0.4ms)[0m  [1m[34mSELECT "projects".* FROM "projects"[0m
  ↳ app/views/projects/index.html.erb:4
  Rendered projects/index.html.erb within layouts/application (3.0ms)
Completed 200 OK in 157ms (Views: 144.2ms | ActiveRecord: 1.4ms)


Started GET "/projects/new" for 127.0.0.1 at 2019-09-10 23:30:27 +0300
Processing by ProjectsController#new as HTML
  Rendering projects/new.html.erb within layouts/application
  Rendered projects/_form.html.erb (1.4ms)
  Rendered projects/new.html.erb within layouts/application (2.7ms)
Completed 200 OK in 17ms (Views: 10.8ms | ActiveRecord: 3.0ms)


Started POST "/projects" for 127.0.0.1 at 2019-09-10 23:30:31 +0300
Processing by ProjectsController#create as HTML
  Parameters: {"utf8"=>"✓", "authenticity_token"=>"M///YCwOP5Ce9NzXNouFY0bbc1wQdGpPk5bGiNqb6nq6vl+4L33SrJA7GmzGqGGO45zOhbEaMtG/tQdblO6LrQ==", "project"=>{"name"=>"Test project"}, "commit"=>"Ok"}
  [1m[35m (0.1ms)[0m  [1m[35mBEGIN[0m
  ↳ app/controllers/projects_controller.rb:13
  [1m[36mProject Exists (0.5ms)[0m  [1m[34mSELECT  1 AS one FROM "projects" WHERE "projects"."name" = $1 LIMIT $2[0m  [["name", "Test project"], ["LIMIT", 1]]
  ↳ app/controllers/projects_controller.rb:13
  [1m[36mProject Create (0.4ms)[0m  [1m[32mINSERT INTO "projects" ("name", "created_at", "updated_at") VALUES ($1, $2, $3) RETURNING "id"[0m  [["name", "Test project"], ["created_at", "2019-09-10 20:30:31.782428"], ["updated_at", "2019-09-10 20:30:31.782428"]]
  ↳ app/controllers/projects_controller.rb:13
  [1m[35m (1.0ms)[0m  [1m[35mCOMMIT[0m
  ↳ app/controllers/projects_controller.rb:13
Redirected to http://localhost:3000/projects
Completed 302 Found in 5ms (ActiveRecord: 2.0ms)


Started GET "/projects" for 127.0.0.1 at 2019-09-10 23:30:31 +0300
Processing by ProjectsController#index as HTML
  Rendering projects/index.html.erb within layouts/application
  [1m[36mProject Load (0.2ms)[0m  [1m[34mSELECT "projects".* FROM "projects"[0m
  ↳ app/views/projects/index.html.erb:4
  Rendered projects/index.html.erb within layouts/application (62.9ms)
Completed 500 Internal Server Error in 64ms (ActiveRecord: 0.2ms)


  
ActionView::Template::Error (undefined method `error_messages' for #<ActionView::Helpers::FormBuilder:0x00007f42b011fb30>):
    26:         </div>
    27:         <div class="headtaskcreateiconleft">
    28:         <% form_for(:task, :url => {:controller => :tasks, :action => :create}) do |ff| %>
    29:         <%= ff.error_messages %>
    30:         <%= ff.text_field :name, :placeholder => "Start typing here to create a task..." %>
    31:         <%= ff.hidden_field :project_id, :value => f.id %>
    32:         </div>
  
app/views/projects/index.html.erb:29:in `block (2 levels) in _app_views_projects_index_html_erb___2210696144437248570_69962199149580'
app/views/projects/index.html.erb:28:in `block in _app_views_projects_index_html_erb___2210696144437248570_69962199149580'
app/views/projects/index.html.erb:4:in `_app_views_projects_index_html_erb___2210696144437248570_69962199149580'
Started GET "/projects" for 127.0.0.1 at 2019-09-10 23:33:04 +0300
Processing by ProjectsController#index as HTML
  Rendering projects/index.html.erb within layouts/application
  [1m[36mProject Load (0.2ms)[0m  [1m[34mSELECT "projects".* FROM "projects"[0m
  ↳ app/views/projects/index.html.erb:4
  Rendered projects/index.html.erb within layouts/application (5.4ms)
Completed 500 Internal Server Error in 6ms (ActiveRecord: 0.2ms)


  
ActionView::Template::Error (undefined method `object' for #<Project:0x00007f42b8f59a90>
Did you mean?  object_id):
    26:         </div>
    27:         <div class="headtaskcreateiconleft">
    28:         <%= form_for(:task, :url => {:controller => :tasks, :action => :create}) do |ff| %>
    29:           <% if f.object.errors.any? %>
    30:           <ul>
    31:             <% f.object.errors.full_messages.each do |msg| %>
    32:               <li><%= msg %></li>
  
app/views/projects/index.html.erb:29:in `block (2 levels) in _app_views_projects_index_html_erb___2210696144437248570_69962273256040'
app/views/projects/index.html.erb:28:in `block in _app_views_projects_index_html_erb___2210696144437248570_69962273256040'
app/views/projects/index.html.erb:4:in `_app_views_projects_index_html_erb___2210696144437248570_69962273256040'
Started GET "/projects" for 127.0.0.1 at 2019-09-10 23:33:20 +0300
Processing by ProjectsController#index as HTML
  Rendering projects/index.html.erb within layouts/application
  [1m[36mProject Load (0.3ms)[0m  [1m[34mSELECT "projects".* FROM "projects"[0m
  ↳ app/views/projects/index.html.erb:4
  Rendered projects/index.html.erb within layouts/application (33.9ms)
Completed 500 Internal Server Error in 36ms (ActiveRecord: 1.6ms)


  
ActionView::Template::Error (undefined method `find_all_by_project_id' for #<Class:0x00007f42a80f2bb0>
Did you mean?  find_or_create_by):
    44:     </div>
    45:     <div class="headbodyborder">
    46:       <div class="headtasklist">
    47:           <% Task.find_all_by_project_id(f.id).each do |fff| %>
    48:           <div class="freefield"></div>
    49:           <div class="headtask">
    50:             <div class="headlineleftdone"><%= Task.task_state(fff.status) %></div>
  
app/views/projects/index.html.erb:47:in `block in _app_views_projects_index_html_erb___2210696144437248570_69962210481420'
app/views/projects/index.html.erb:4:in `_app_views_projects_index_html_erb___2210696144437248570_69962210481420'
Started GET "/projects" for 127.0.0.1 at 2019-09-10 23:34:29 +0300
Processing by ProjectsController#index as HTML
  Rendering projects/index.html.erb within layouts/application
  [1m[36mProject Load (0.2ms)[0m  [1m[34mSELECT "projects".* FROM "projects"[0m
  ↳ app/views/projects/index.html.erb:4
  [1m[36mTask Load (0.2ms)[0m  [1m[34mSELECT "tasks".* FROM "tasks" WHERE "tasks"."project_id" = $1[0m  [["project_id", 1]]
  ↳ app/views/projects/index.html.erb:47
  Rendered projects/index.html.erb within layouts/application (13.0ms)
Completed 200 OK in 19ms (Views: 18.2ms | ActiveRecord: 0.7ms)


Started GET "/images/cross.png" for 127.0.0.1 at 2019-09-10 23:34:30 +0300
Started GET "/images/calendar.png" for 127.0.0.1 at 2019-09-10 23:34:30 +0300
  
  
ActionController::RoutingError (No route matches [GET] "/images/cross.png"):
ActionController::RoutingError (No route matches [GET] "/images/calendar.png"):
  
  
actionpack (5.2.3) lib/action_dispatch/middleware/debug_exceptions.rb:65:in `call'
web-console (3.7.0) lib/web_console/middleware.rb:135:in `call_app'
web-console (3.7.0) lib/web_console/middleware.rb:30:in `block in call'
web-console (3.7.0) lib/web_console/middleware.rb:20:in `catch'
web-console (3.7.0) lib/web_console/middleware.rb:20:in `call'
actionpack (5.2.3) lib/action_dispatch/middleware/show_exceptions.rb:33:in `call'
railties (5.2.3) lib/rails/rack/logger.rb:38:in `call_app'
railties (5.2.3) lib/rails/rack/logger.rb:26:in `block in call'
activesupport (5.2.3) lib/active_support/tagged_logging.rb:71:in `block in tagged'
activesupport (5.2.3) lib/active_support/tagged_logging.rb:28:in `tagged'
activesupport (5.2.3) lib/active_support/tagged_logging.rb:71:in `tagged'
railties (5.2.3) lib/rails/rack/logger.rb:26:in `call'
sprockets-rails (3.2.1) lib/sprockets/rails/quiet_assets.rb:13:in `call'
actionpack (5.2.3) lib/action_dispatch/middleware/remote_ip.rb:81:in `call'
actionpack (5.2.3) lib/action_dispatch/middleware/request_id.rb:27:in `call'
rack (2.0.7) lib/rack/method_override.rb:22:in `call'
rack (2.0.7) lib/rack/runtime.rb:22:in `call'
activesupport (5.2.3) lib/active_support/cache/strategy/local_cache_middleware.rb:29:in `call'
actionpack (5.2.3) lib/action_dispatch/middleware/executor.rb:14:in `call'
actionpack (5.2.3) lib/action_dispatch/middleware/static.rb:127:in `call'
rack (2.0.7) lib/rack/sendfile.rb:111:in `call'
railties (5.2.3) lib/rails/engine.rb:524:in `call'
puma (3.12.1) lib/puma/configuration.rb:227:in `call'
puma (3.12.1) lib/puma/server.rb:660:in `handle_request'
puma (3.12.1) lib/puma/server.rb:474:in `process_client'
puma (3.12.1) lib/puma/server.rb:334:in `block in run'
puma (3.12.1) lib/puma/thread_pool.rb:135:in `block in spawn_thread'
actionpack (5.2.3) lib/action_dispatch/middleware/debug_exceptions.rb:65:in `call'
web-console (3.7.0) lib/web_console/middleware.rb:135:in `call_app'
web-console (3.7.0) lib/web_console/middleware.rb:30:in `block in call'
web-console (3.7.0) lib/web_console/middleware.rb:20:in `catch'
web-console (3.7.0) lib/web_console/middleware.rb:20:in `call'
actionpack (5.2.3) lib/action_dispatch/middleware/show_exceptions.rb:33:in `call'
railties (5.2.3) lib/rails/rack/logger.rb:38:in `call_app'
railties (5.2.3) lib/rails/rack/logger.rb:26:in `block in call'
activesupport (5.2.3) lib/active_support/tagged_logging.rb:71:in `block in tagged'
activesupport (5.2.3) lib/active_support/tagged_logging.rb:28:in `tagged'
activesupport (5.2.3) lib/active_support/tagged_logging.rb:71:in `tagged'
railties (5.2.3) lib/rails/rack/logger.rb:26:in `call'
sprockets-rails (3.2.1) lib/sprockets/rails/quiet_assets.rb:13:in `call'
actionpack (5.2.3) lib/action_dispatch/middleware/remote_ip.rb:81:in `call'
actionpack (5.2.3) lib/action_dispatch/middleware/request_id.rb:27:in `call'
rack (2.0.7) lib/rack/method_override.rb:22:in `call'
rack (2.0.7) lib/rack/runtime.rb:22:in `call'
activesupport (5.2.3) lib/active_support/cache/strategy/local_cache_middleware.rb:29:in `call'
actionpack (5.2.3) lib/action_dispatch/middleware/executor.rb:14:in `call'
actionpack (5.2.3) lib/action_dispatch/middleware/static.rb:127:in `call'
rack (2.0.7) lib/rack/sendfile.rb:111:in `call'
railties (5.2.3) lib/rails/engine.rb:524:in `call'
puma (3.12.1) lib/puma/configuration.rb:227:in `call'
puma (3.12.1) lib/puma/server.rb:660:in `handle_request'
puma (3.12.1) lib/puma/server.rb:474:in `process_client'
puma (3.12.1) lib/puma/server.rb:334:in `block in run'
puma (3.12.1) lib/puma/thread_pool.rb:135:in `block in spawn_thread'
Started GET "/projects" for 127.0.0.1 at 2019-09-10 23:35:07 +0300
Processing by ProjectsController#index as HTML
  Rendering projects/index.html.erb within layouts/application
  [1m[36mProject Load (0.4ms)[0m  [1m[34mSELECT "projects".* FROM "projects"[0m
  ↳ app/views/projects/index.html.erb:4
  Rendered projects/index.html.erb within layouts/application (48.7ms)
Completed 500 Internal Server Error in 50ms (ActiveRecord: 0.4ms)


  
ActionView::Template::Error (undefined method `render_image' for #<#<Class:0x00005563599dc580>:0x00007f42b9e3b0b8>):
     6:     <div class="headborder">
     7:       <div class="headline">
     8:         <div class="headlinelefticon">
     9:           <%= render_image('calendar.png', class: 'iconcalendar') %>
    10:         </div>
    11:         <div class="headlineleft">
    12:           <%= f.name  %>
  
app/views/projects/index.html.erb:9:in `block in _app_views_projects_index_html_erb___2210696144437248570_69962281639040'
app/views/projects/index.html.erb:4:in `_app_views_projects_index_html_erb___2210696144437248570_69962281639040'
Started GET "/projects" for 127.0.0.1 at 2019-09-10 23:35:29 +0300
Processing by ProjectsController#index as HTML
  Rendering projects/index.html.erb within layouts/application
  [1m[36mProject Load (0.2ms)[0m  [1m[34mSELECT "projects".* FROM "projects"[0m
  ↳ app/views/projects/index.html.erb:4
  [1m[36mTask Load (0.2ms)[0m  [1m[34mSELECT "tasks".* FROM "tasks" WHERE "tasks"."project_id" = $1[0m  [["project_id", 1]]
  ↳ app/views/projects/index.html.erb:47
  Rendered projects/index.html.erb within layouts/application (4.6ms)
Completed 200 OK in 12ms (Views: 10.7ms | ActiveRecord: 0.6ms)


Started GET "/images/cross.png" for 127.0.0.1 at 2019-09-10 23:35:29 +0300
  
ActionController::RoutingError (No route matches [GET] "/images/cross.png"):
  
actionpack (5.2.3) lib/action_dispatch/middleware/debug_exceptions.rb:65:in `call'
web-console (3.7.0) lib/web_console/middleware.rb:135:in `call_app'
web-console (3.7.0) lib/web_console/middleware.rb:30:in `block in call'
web-console (3.7.0) lib/web_console/middleware.rb:20:in `catch'
web-console (3.7.0) lib/web_console/middleware.rb:20:in `call'
actionpack (5.2.3) lib/action_dispatch/middleware/show_exceptions.rb:33:in `call'
railties (5.2.3) lib/rails/rack/logger.rb:38:in `call_app'
railties (5.2.3) lib/rails/rack/logger.rb:26:in `block in call'
activesupport (5.2.3) lib/active_support/tagged_logging.rb:71:in `block in tagged'
activesupport (5.2.3) lib/active_support/tagged_logging.rb:28:in `tagged'
activesupport (5.2.3) lib/active_support/tagged_logging.rb:71:in `tagged'
railties (5.2.3) lib/rails/rack/logger.rb:26:in `call'
sprockets-rails (3.2.1) lib/sprockets/rails/quiet_assets.rb:13:in `call'
actionpack (5.2.3) lib/action_dispatch/middleware/remote_ip.rb:81:in `call'
actionpack (5.2.3) lib/action_dispatch/middleware/request_id.rb:27:in `call'
rack (2.0.7) lib/rack/method_override.rb:22:in `call'
rack (2.0.7) lib/rack/runtime.rb:22:in `call'
activesupport (5.2.3) lib/active_support/cache/strategy/local_cache_middleware.rb:29:in `call'
actionpack (5.2.3) lib/action_dispatch/middleware/executor.rb:14:in `call'
actionpack (5.2.3) lib/action_dispatch/middleware/static.rb:127:in `call'
rack (2.0.7) lib/rack/sendfile.rb:111:in `call'
railties (5.2.3) lib/rails/engine.rb:524:in `call'
puma (3.12.1) lib/puma/configuration.rb:227:in `call'
puma (3.12.1) lib/puma/server.rb:660:in `handle_request'
puma (3.12.1) lib/puma/server.rb:474:in `process_client'
puma (3.12.1) lib/puma/server.rb:334:in `block in run'
puma (3.12.1) lib/puma/thread_pool.rb:135:in `block in spawn_thread'
Started GET "/projects" for 127.0.0.1 at 2019-09-10 23:36:00 +0300
Processing by ProjectsController#index as HTML
  Rendering projects/index.html.erb within layouts/application
  [1m[36mProject Load (0.2ms)[0m  [1m[34mSELECT "projects".* FROM "projects"[0m
  ↳ app/views/projects/index.html.erb:4
  [1m[36mTask Load (0.2ms)[0m  [1m[34mSELECT "tasks".* FROM "tasks" WHERE "tasks"."project_id" = $1[0m  [["project_id", 1]]
  ↳ app/views/projects/index.html.erb:47
  Rendered projects/index.html.erb within layouts/application (5.1ms)
Completed 200 OK in 17ms (Views: 15.8ms | ActiveRecord: 0.5ms)


Started GET "/projects" for 127.0.0.1 at 2019-09-10 23:36:11 +0300
Processing by ProjectsController#index as HTML
  Rendering projects/index.html.erb within layouts/application
  [1m[36mProject Load (0.5ms)[0m  [1m[34mSELECT "projects".* FROM "projects"[0m
  ↳ app/views/projects/index.html.erb:4
  [1m[36mTask Load (0.2ms)[0m  [1m[34mSELECT "tasks".* FROM "tasks" WHERE "tasks"."project_id" = $1[0m  [["project_id", 1]]
  ↳ app/views/projects/index.html.erb:47
  Rendered projects/index.html.erb within layouts/application (8.6ms)
Completed 200 OK in 39ms (Views: 37.6ms | ActiveRecord: 0.9ms)


Started POST "/tasks" for 127.0.0.1 at 2019-09-10 23:36:23 +0300
Processing by TasksController#create as HTML
  Parameters: {"utf8"=>"✓", "authenticity_token"=>"p0pqYZVpG//14RzZup3sgGBFX0Xte/q3wwIcJlMjOTEuC8q5lhr2w/su2mJKvghtxQLinEwVoinvId31HVZY5g==", "task"=>{"name"=>"Task 1", "project_id"=>"1"}, "commit"=>"Create"}
Completed 500 Internal Server Error in 6ms (ActiveRecord: 2.2ms)


  
ActiveModel::ForbiddenAttributesError (ActiveModel::ForbiddenAttributesError):
  
app/controllers/tasks_controller.rb:8:in `create'
Started POST "/tasks" for 127.0.0.1 at 2019-09-10 23:38:40 +0300
Processing by TasksController#create as HTML
  Parameters: {"utf8"=>"✓", "authenticity_token"=>"p0pqYZVpG//14RzZup3sgGBFX0Xte/q3wwIcJlMjOTEuC8q5lhr2w/su2mJKvghtxQLinEwVoinvId31HVZY5g==", "task"=>{"name"=>"Task 1", "project_id"=>"1"}, "commit"=>"Create"}
Unpermitted parameter: :project_id
  [1m[35m (0.1ms)[0m  [1m[35mBEGIN[0m
  ↳ app/controllers/tasks_controller.rb:8
  [1m[35m (0.2ms)[0m  [1m[31mROLLBACK[0m
  ↳ app/controllers/tasks_controller.rb:8
Redirected to http://localhost:3000/projects
Completed 302 Found in 14ms (ActiveRecord: 1.3ms)


Started GET "/projects" for 127.0.0.1 at 2019-09-10 23:38:40 +0300
Processing by ProjectsController#index as HTML
  Rendering projects/index.html.erb within layouts/application
  [1m[36mProject Load (0.3ms)[0m  [1m[34mSELECT "projects".* FROM "projects"[0m
  ↳ app/views/projects/index.html.erb:4
  [1m[36mTask Load (0.2ms)[0m  [1m[34mSELECT "tasks".* FROM "tasks" WHERE "tasks"."project_id" = $1[0m  [["project_id", 1]]
  ↳ app/views/projects/index.html.erb:47
  Rendered projects/index.html.erb within layouts/application (8.5ms)
Completed 200 OK in 15ms (Views: 13.6ms | ActiveRecord: 1.4ms)


Started POST "/tasks" for 127.0.0.1 at 2019-09-10 23:38:47 +0300
Processing by TasksController#create as HTML
  Parameters: {"utf8"=>"✓", "authenticity_token"=>"vKy/qSrRLnZeTOMs8tMc3YOAQN0tdBSazvI3Y/NgOTY17R9xKaLDSlCDJZcC8PgwJsf9BIwaTATi0fawvRVY4Q==", "task"=>{"name"=>"Task 1", "project_id"=>"1"}, "commit"=>"Create"}
Unpermitted parameter: :project_id
  [1m[35m (0.1ms)[0m  [1m[35mBEGIN[0m
  ↳ app/controllers/tasks_controller.rb:8
  [1m[35m (0.1ms)[0m  [1m[31mROLLBACK[0m
  ↳ app/controllers/tasks_controller.rb:8
Redirected to http://localhost:3000/projects
Completed 302 Found in 2ms (ActiveRecord: 0.2ms)


Started GET "/projects" for 127.0.0.1 at 2019-09-10 23:38:47 +0300
Processing by ProjectsController#index as HTML
  Rendering projects/index.html.erb within layouts/application
  [1m[36mProject Load (0.2ms)[0m  [1m[34mSELECT "projects".* FROM "projects"[0m
  ↳ app/views/projects/index.html.erb:4
  [1m[36mTask Load (0.2ms)[0m  [1m[34mSELECT "tasks".* FROM "tasks" WHERE "tasks"."project_id" = $1[0m  [["project_id", 1]]
  ↳ app/views/projects/index.html.erb:47
  Rendered projects/index.html.erb within layouts/application (5.3ms)
Completed 200 OK in 13ms (Views: 11.9ms | ActiveRecord: 0.5ms)


  [1m[36mTask Load (0.2ms)[0m  [1m[34mSELECT  "tasks".* FROM "tasks" LIMIT $1[0m  [["LIMIT", 11]]
Started GET "/" for 127.0.0.1 at 2019-09-10 23:40:14 +0300
  [1m[35m (0.4ms)[0m  [1m[34mSELECT "schema_migrations"."version" FROM "schema_migrations" ORDER BY "schema_migrations"."version" ASC[0m
  ↳ /home/alexey/.rvm/gems/ruby-2.6.3/gems/activerecord-5.2.3/lib/active_record/log_subscriber.rb:98
Processing by ProjectsController#index as HTML
  Rendering projects/index.html.erb within layouts/application
  [1m[36mProject Load (0.4ms)[0m  [1m[34mSELECT "projects".* FROM "projects"[0m
  ↳ app/views/projects/index.html.erb:4
  [1m[36mTask Load (0.3ms)[0m  [1m[34mSELECT "tasks".* FROM "tasks" WHERE "tasks"."project_id" = $1[0m  [["project_id", 1]]
  ↳ app/views/projects/index.html.erb:47
  Rendered projects/index.html.erb within layouts/application (173.2ms)
Completed 200 OK in 192ms (Views: 177.1ms | ActiveRecord: 4.6ms)


Started POST "/tasks" for 127.0.0.1 at 2019-09-10 23:40:19 +0300
Processing by TasksController#create as HTML
  Parameters: {"utf8"=>"✓", "authenticity_token"=>"px2ba74i1dtTNOnzI5DawBRJt/Cibhhj15gG8wlco2QuXDuzvVE45137L0jTsz4tsQ4KKQMAQP37u8cgRynCsw==", "task"=>{"name"=>"Task 1", "project_id"=>"1"}, "commit"=>"Create"}
  [1m[35m (0.2ms)[0m  [1m[35mBEGIN[0m
  ↳ app/controllers/tasks_controller.rb:8
  [1m[36mProject Load (0.3ms)[0m  [1m[34mSELECT  "projects".* FROM "projects" WHERE "projects"."id" = $1 LIMIT $2[0m  [["id", 1], ["LIMIT", 1]]
  ↳ app/controllers/tasks_controller.rb:8
  [1m[36mTask Create (0.5ms)[0m  [1m[32mINSERT INTO "tasks" ("name", "project_id", "status", "created_at", "updated_at") VALUES ($1, $2, $3, $4, $5) RETURNING "id"[0m  [["name", "Task 1"], ["project_id", 1], ["status", 0], ["created_at", "2019-09-10 20:40:19.296548"], ["updated_at", "2019-09-10 20:40:19.296548"]]
  ↳ app/controllers/tasks_controller.rb:8
  [1m[35m (1.0ms)[0m  [1m[35mCOMMIT[0m
  ↳ app/controllers/tasks_controller.rb:8
Redirected to http://localhost:3000/projects
Completed 302 Found in 12ms (ActiveRecord: 4.4ms)


Started GET "/projects" for 127.0.0.1 at 2019-09-10 23:40:19 +0300
Processing by ProjectsController#index as HTML
  Rendering projects/index.html.erb within layouts/application
  [1m[36mProject Load (0.3ms)[0m  [1m[34mSELECT "projects".* FROM "projects"[0m
  ↳ app/views/projects/index.html.erb:4
  [1m[36mTask Load (0.2ms)[0m  [1m[34mSELECT "tasks".* FROM "tasks" WHERE "tasks"."project_id" = $1[0m  [["project_id", 1]]
  ↳ app/views/projects/index.html.erb:47
  Rendered projects/index.html.erb within layouts/application (5.6ms)
Completed 200 OK in 13ms (Views: 12.3ms | ActiveRecord: 0.5ms)


Started GET "/tasks/1/edit" for 127.0.0.1 at 2019-09-10 23:40:26 +0300
Processing by TasksController#edit as HTML
  Parameters: {"id"=>"1"}
  [1m[36mTask Load (0.3ms)[0m  [1m[34mSELECT  "tasks".* FROM "tasks" WHERE "tasks"."id" = $1 LIMIT $2[0m  [["id", 1], ["LIMIT", 1]]
  ↳ app/controllers/tasks_controller.rb:13
  Rendering tasks/edit.html.erb within layouts/application
  Rendered tasks/edit.html.erb within layouts/application (2.2ms)
Completed 500 Internal Server Error in 5ms (ActiveRecord: 0.3ms)


  
ActionView::Template::Error (undefined method `errors' for nil:NilClass):
    22:         </div>
    23:       </div>
    24: 
    25:       <% if f.object.errors.any? %>
    26:         <ul>
    27:           <% f.object.errors.full_messages.each do |msg| %>
    28:             <li><%= msg %></li>
  
app/views/tasks/edit.html.erb:25:in `block in _app_views_tasks_edit_html_erb___2110938695673723942_69823719821320'
app/views/tasks/edit.html.erb:4:in `_app_views_tasks_edit_html_erb___2110938695673723942_69823719821320'
Started GET "/tasks/1/edit" for 127.0.0.1 at 2019-09-10 23:40:56 +0300
Processing by TasksController#edit as HTML
  Parameters: {"id"=>"1"}
  [1m[36mTask Load (0.3ms)[0m  [1m[34mSELECT  "tasks".* FROM "tasks" WHERE "tasks"."id" = $1 LIMIT $2[0m  [["id", 1], ["LIMIT", 1]]
  ↳ app/controllers/tasks_controller.rb:13
  Rendering tasks/edit.html.erb within layouts/application
  Rendered tasks/edit.html.erb within layouts/application (1.2ms)
Completed 200 OK in 10ms (Views: 8.6ms | ActiveRecord: 0.3ms)


Started PUT "/tasks/1" for 127.0.0.1 at 2019-09-10 23:41:00 +0300
Processing by TasksController#update as HTML
  Parameters: {"utf8"=>"✓", "authenticity_token"=>"s6EMHTXrhfu7T4kutE+aALVJI8Mj2wZY9N+t7WGPZH864KzFNphox7WAT5VEbH7tEA6eGoK1XsbY/Gw+L/oFqA==", "task"=>{"name"=>"Task 1", "status"=>"1"}, "commit"=>"Ok", "id"=>"1"}
  [1m[36mTask Load (0.3ms)[0m  [1m[34mSELECT  "tasks".* FROM "tasks" WHERE "tasks"."id" = $1 LIMIT $2[0m  [["id", 1], ["LIMIT", 1]]
  ↳ app/controllers/tasks_controller.rb:19
Completed 500 Internal Server Error in 1ms (ActiveRecord: 0.3ms)


  
ActiveModel::ForbiddenAttributesError (ActiveModel::ForbiddenAttributesError):
  
app/controllers/tasks_controller.rb:20:in `update'
Started GET "/" for 127.0.0.1 at 2019-09-10 23:44:53 +0300
Processing by ProjectsController#index as HTML
  Rendering projects/index.html.erb within layouts/application
  [1m[36mProject Load (0.4ms)[0m  [1m[34mSELECT "projects".* FROM "projects"[0m
  ↳ app/views/projects/index.html.erb:4
  [1m[36mTask Load (0.2ms)[0m  [1m[34mSELECT "tasks".* FROM "tasks" WHERE "tasks"."project_id" = $1[0m  [["project_id", 1]]
  ↳ app/views/projects/index.html.erb:47
  Rendered projects/index.html.erb within layouts/application (17.8ms)
Completed 200 OK in 27ms (Views: 19.3ms | ActiveRecord: 5.4ms)


Started GET "/tasks/1/edit" for 127.0.0.1 at 2019-09-10 23:44:56 +0300
Processing by TasksController#edit as HTML
  Parameters: {"id"=>"1"}
  [1m[36mTask Load (0.2ms)[0m  [1m[34mSELECT  "tasks".* FROM "tasks" WHERE "tasks"."id" = $1 LIMIT $2[0m  [["id", 1], ["LIMIT", 1]]
  ↳ app/controllers/tasks_controller.rb:12
  Rendering tasks/edit.html.erb within layouts/application
  Rendered tasks/edit.html.erb within layouts/application (1.1ms)
Completed 200 OK in 10ms (Views: 8.6ms | ActiveRecord: 0.2ms)


Started PUT "/tasks/1" for 127.0.0.1 at 2019-09-10 23:44:58 +0300
Processing by TasksController#update as HTML
  Parameters: {"utf8"=>"✓", "authenticity_token"=>"HtvBn49YMr2058q36HFhc6Izi0UL4z7yOxDM4N2GUUeXmmFHjCvfgbooDAwYUoWeB3Q2nKqNZmwXMw0zk/MwkA==", "task"=>{"name"=>"Task 1", "status"=>"1"}, "commit"=>"Ok", "id"=>"1"}
  [1m[36mTask Load (0.3ms)[0m  [1m[34mSELECT  "tasks".* FROM "tasks" WHERE "tasks"."id" = $1 LIMIT $2[0m  [["id", 1], ["LIMIT", 1]]
  ↳ app/controllers/tasks_controller.rb:16
  [1m[35m (0.1ms)[0m  [1m[35mBEGIN[0m
  ↳ app/controllers/tasks_controller.rb:18
  [1m[36mProject Load (0.2ms)[0m  [1m[34mSELECT  "projects".* FROM "projects" WHERE "projects"."id" = $1 LIMIT $2[0m  [["id", 1], ["LIMIT", 1]]
  ↳ app/controllers/tasks_controller.rb:18
  [1m[36mTask Update (0.2ms)[0m  [1m[33mUPDATE "tasks" SET "status" = $1, "updated_at" = $2 WHERE "tasks"."id" = $3[0m  [["status", 1], ["updated_at", "2019-09-10 20:44:58.553160"], ["id", 1]]
  ↳ app/controllers/tasks_controller.rb:18
  [1m[35m (3.6ms)[0m  [1m[35mCOMMIT[0m
  ↳ app/controllers/tasks_controller.rb:18
Redirected to http://localhost:3000/projects
Completed 302 Found in 8ms (ActiveRecord: 4.3ms)


Started GET "/projects" for 127.0.0.1 at 2019-09-10 23:44:58 +0300
Processing by ProjectsController#index as HTML
  Rendering projects/index.html.erb within layouts/application
  [1m[36mProject Load (0.2ms)[0m  [1m[34mSELECT "projects".* FROM "projects"[0m
  ↳ app/views/projects/index.html.erb:4
  [1m[36mTask Load (0.2ms)[0m  [1m[34mSELECT "tasks".* FROM "tasks" WHERE "tasks"."project_id" = $1[0m  [["project_id", 1]]
  ↳ app/views/projects/index.html.erb:47
  Rendered projects/index.html.erb within layouts/application (4.3ms)
Completed 200 OK in 16ms (Views: 15.6ms | ActiveRecord: 0.4ms)


Started GET "/tasks/1/edit" for 127.0.0.1 at 2019-09-10 23:45:01 +0300
Processing by TasksController#edit as HTML
  Parameters: {"id"=>"1"}
  [1m[36mTask Load (0.3ms)[0m  [1m[34mSELECT  "tasks".* FROM "tasks" WHERE "tasks"."id" = $1 LIMIT $2[0m  [["id", 1], ["LIMIT", 1]]
  ↳ app/controllers/tasks_controller.rb:12
  Rendering tasks/edit.html.erb within layouts/application
  Rendered tasks/edit.html.erb within layouts/application (1.8ms)
Completed 200 OK in 18ms (Views: 16.9ms | ActiveRecord: 0.3ms)


Started PUT "/tasks/1" for 127.0.0.1 at 2019-09-10 23:45:03 +0300
Processing by TasksController#update as HTML
  Parameters: {"utf8"=>"✓", "authenticity_token"=>"+ChF6pHcYxMI/pMmA1F2dG+zSwu37mvORBJtotF+OTJxaeUykq+OLwYxVZ3zcpKZyvT20haAM1BoMaxxnwtY5Q==", "task"=>{"name"=>"Task 1", "status"=>"0"}, "commit"=>"Ok", "id"=>"1"}
  [1m[36mTask Load (0.3ms)[0m  [1m[34mSELECT  "tasks".* FROM "tasks" WHERE "tasks"."id" = $1 LIMIT $2[0m  [["id", 1], ["LIMIT", 1]]
  ↳ app/controllers/tasks_controller.rb:16
  [1m[35m (0.1ms)[0m  [1m[35mBEGIN[0m
  ↳ app/controllers/tasks_controller.rb:18
  [1m[36mProject Load (0.2ms)[0m  [1m[34mSELECT  "projects".* FROM "projects" WHERE "projects"."id" = $1 LIMIT $2[0m  [["id", 1], ["LIMIT", 1]]
  ↳ app/controllers/tasks_controller.rb:18
  [1m[36mTask Update (0.3ms)[0m  [1m[33mUPDATE "tasks" SET "status" = $1, "updated_at" = $2 WHERE "tasks"."id" = $3[0m  [["status", 0], ["updated_at", "2019-09-10 20:45:03.344892"], ["id", 1]]
  ↳ app/controllers/tasks_controller.rb:18
  [1m[35m (3.5ms)[0m  [1m[35mCOMMIT[0m
  ↳ app/controllers/tasks_controller.rb:18
Redirected to http://localhost:3000/projects
Completed 302 Found in 9ms (ActiveRecord: 4.4ms)


Started GET "/projects" for 127.0.0.1 at 2019-09-10 23:45:03 +0300
Processing by ProjectsController#index as HTML
  Rendering projects/index.html.erb within layouts/application
  [1m[36mProject Load (0.4ms)[0m  [1m[34mSELECT "projects".* FROM "projects"[0m
  ↳ app/views/projects/index.html.erb:4
  [1m[36mTask Load (0.2ms)[0m  [1m[34mSELECT "tasks".* FROM "tasks" WHERE "tasks"."project_id" = $1[0m  [["project_id", 1]]
  ↳ app/views/projects/index.html.erb:47
  Rendered projects/index.html.erb within layouts/application (8.8ms)
Completed 200 OK in 24ms (Views: 22.4ms | ActiveRecord: 0.6ms)


Started DELETE "/tasks/1" for 127.0.0.1 at 2019-09-10 23:45:06 +0300
Processing by TasksController#destroy as HTML
  Parameters: {"authenticity_token"=>"OuJUZDjSEJVRp4eg4ApmmqSRpveNVRyaEihQe7PAyCSzo/S8O6H9qV9oQRsQKYJ3AdYbLiw7RAQ+C5Go/bWp8w==", "id"=>"1"}
  [1m[36mTask Load (0.2ms)[0m  [1m[34mSELECT  "tasks".* FROM "tasks" WHERE "tasks"."id" = $1 LIMIT $2[0m  [["id", 1], ["LIMIT", 1]]
  ↳ app/controllers/tasks_controller.rb:26
  [1m[35m (0.2ms)[0m  [1m[35mBEGIN[0m
  ↳ app/controllers/tasks_controller.rb:27
  [1m[36mTask Destroy (0.2ms)[0m  [1m[31mDELETE FROM "tasks" WHERE "tasks"."id" = $1[0m  [["id", 1]]
  ↳ app/controllers/tasks_controller.rb:27
  [1m[35m (5.1ms)[0m  [1m[35mCOMMIT[0m
  ↳ app/controllers/tasks_controller.rb:27
Redirected to http://localhost:3000/projects
Completed 302 Found in 12ms (ActiveRecord: 5.8ms)


Started GET "/projects" for 127.0.0.1 at 2019-09-10 23:45:06 +0300
Processing by ProjectsController#index as HTML
  Rendering projects/index.html.erb within layouts/application
  [1m[36mProject Load (0.2ms)[0m  [1m[34mSELECT "projects".* FROM "projects"[0m
  ↳ app/views/projects/index.html.erb:4
  [1m[36mTask Load (0.2ms)[0m  [1m[34mSELECT "tasks".* FROM "tasks" WHERE "tasks"."project_id" = $1[0m  [["project_id", 1]]
  ↳ app/views/projects/index.html.erb:47
  Rendered projects/index.html.erb within layouts/application (6.5ms)
Completed 200 OK in 21ms (Views: 19.8ms | ActiveRecord: 0.4ms)


Started GET "/projects/new" for 127.0.0.1 at 2019-09-10 23:45:07 +0300
Processing by ProjectsController#new as HTML
  Rendering projects/new.html.erb within layouts/application
  Rendered projects/_form.html.erb (0.3ms)
  Rendered projects/new.html.erb within layouts/application (1.7ms)
Completed 200 OK in 12ms (Views: 11.8ms | ActiveRecord: 0.0ms)


Started POST "/projects" for 127.0.0.1 at 2019-09-10 23:45:11 +0300
Processing by ProjectsController#create as HTML
  Parameters: {"utf8"=>"✓", "authenticity_token"=>"8MWQ7JpgQnF2qZqjbJ2KlMHPv62xuzml6n10fMMmYv15hDA0mROvTXhmXBicvm55ZIgCdBDVYTvGXrWvjVMDKg==", "project"=>{"name"=>"Task 1"}, "commit"=>"Ok"}
  [1m[35m (0.1ms)[0m  [1m[35mBEGIN[0m
  ↳ app/controllers/projects_controller.rb:13
  [1m[36mProject Exists (0.5ms)[0m  [1m[34mSELECT  1 AS one FROM "projects" WHERE "projects"."name" = $1 LIMIT $2[0m  [["name", "Task 1"], ["LIMIT", 1]]
  ↳ app/controllers/projects_controller.rb:13
  [1m[36mProject Create (0.3ms)[0m  [1m[32mINSERT INTO "projects" ("name", "created_at", "updated_at") VALUES ($1, $2, $3) RETURNING "id"[0m  [["name", "Task 1"], ["created_at", "2019-09-10 20:45:11.406826"], ["updated_at", "2019-09-10 20:45:11.406826"]]
  ↳ app/controllers/projects_controller.rb:13
  [1m[35m (1.1ms)[0m  [1m[35mCOMMIT[0m
  ↳ app/controllers/projects_controller.rb:13
Redirected to http://localhost:3000/projects
Completed 302 Found in 18ms (ActiveRecord: 2.0ms)


Started GET "/projects" for 127.0.0.1 at 2019-09-10 23:45:11 +0300
Processing by ProjectsController#index as HTML
  Rendering projects/index.html.erb within layouts/application
  [1m[36mProject Load (0.2ms)[0m  [1m[34mSELECT "projects".* FROM "projects"[0m
  ↳ app/views/projects/index.html.erb:4
  [1m[36mTask Load (0.2ms)[0m  [1m[34mSELECT "tasks".* FROM "tasks" WHERE "tasks"."project_id" = $1[0m  [["project_id", 1]]
  ↳ app/views/projects/index.html.erb:47
  [1m[36mTask Load (0.2ms)[0m  [1m[34mSELECT "tasks".* FROM "tasks" WHERE "tasks"."project_id" = $1[0m  [["project_id", 2]]
  ↳ app/views/projects/index.html.erb:47
  Rendered projects/index.html.erb within layouts/application (5.7ms)
Completed 200 OK in 14ms (Views: 12.9ms | ActiveRecord: 0.6ms)


Started DELETE "/projects/2" for 127.0.0.1 at 2019-09-10 23:45:16 +0300
Processing by ProjectsController#destroy as HTML
  Parameters: {"authenticity_token"=>"rhy/bxrPwhRXS2KkL0qt5LBlnwh3q/brRAFD08WftGAnXR+3GbwvKFmEpB/faUkJFSIi0dbFrnVoIoIAi+rVtw==", "id"=>"2"}
  [1m[36mProject Load (0.2ms)[0m  [1m[34mSELECT  "projects".* FROM "projects" WHERE "projects"."id" = $1 LIMIT $2[0m  [["id", 2], ["LIMIT", 1]]
  ↳ app/controllers/projects_controller.rb:39
  [1m[35m (0.1ms)[0m  [1m[35mBEGIN[0m
  ↳ app/controllers/projects_controller.rb:40
  [1m[36mTask Destroy (0.1ms)[0m  [1m[31mDELETE FROM "tasks" WHERE "tasks"."project_id" = $1[0m  [["project_id", 2]]
  ↳ app/controllers/projects_controller.rb:40
  [1m[36mProject Destroy (0.1ms)[0m  [1m[31mDELETE FROM "projects" WHERE "projects"."id" = $1[0m  [["id", 2]]
  ↳ app/controllers/projects_controller.rb:40
  [1m[35m (4.8ms)[0m  [1m[35mCOMMIT[0m
  ↳ app/controllers/projects_controller.rb:40
Redirected to http://localhost:3000/projects
Completed 302 Found in 7ms (ActiveRecord: 5.3ms)


Started GET "/projects" for 127.0.0.1 at 2019-09-10 23:45:16 +0300
Processing by ProjectsController#index as HTML
  Rendering projects/index.html.erb within layouts/application
  [1m[36mProject Load (0.2ms)[0m  [1m[34mSELECT "projects".* FROM "projects"[0m
  ↳ app/views/projects/index.html.erb:4
  [1m[36mTask Load (0.2ms)[0m  [1m[34mSELECT "tasks".* FROM "tasks" WHERE "tasks"."project_id" = $1[0m  [["project_id", 1]]
  ↳ app/views/projects/index.html.erb:47
  Rendered projects/index.html.erb within layouts/application (5.1ms)
Completed 200 OK in 12ms (Views: 11.1ms | ActiveRecord: 0.4ms)


Started POST "/tasks" for 127.0.0.1 at 2019-09-10 23:45:20 +0300
Processing by TasksController#create as HTML
  Parameters: {"utf8"=>"✓", "authenticity_token"=>"fDIpNfnirDoU0iUDKk5nrA9fR9UvGjPLVKCcEfvzQ5/1c4nt+pFBBhod47jabYNBqhj6DI50a1V4g13CtYYiSA==", "task"=>{"name"=>"Task 1", "project_id"=>"1"}, "commit"=>"Create"}
  [1m[35m (0.2ms)[0m  [1m[35mBEGIN[0m
  ↳ app/controllers/tasks_controller.rb:7
  [1m[36mProject Load (0.2ms)[0m  [1m[34mSELECT  "projects".* FROM "projects" WHERE "projects"."id" = $1 LIMIT $2[0m  [["id", 1], ["LIMIT", 1]]
  ↳ app/controllers/tasks_controller.rb:7
  [1m[36mTask Create (0.3ms)[0m  [1m[32mINSERT INTO "tasks" ("name", "project_id", "status", "created_at", "updated_at") VALUES ($1, $2, $3, $4, $5) RETURNING "id"[0m  [["name", "Task 1"], ["project_id", 1], ["status", 0], ["created_at", "2019-09-10 20:45:20.216658"], ["updated_at", "2019-09-10 20:45:20.216658"]]
  ↳ app/controllers/tasks_controller.rb:7
  [1m[35m (0.8ms)[0m  [1m[35mCOMMIT[0m
  ↳ app/controllers/tasks_controller.rb:7
Redirected to http://localhost:3000/projects
Completed 302 Found in 4ms (ActiveRecord: 1.4ms)


Started GET "/projects" for 127.0.0.1 at 2019-09-10 23:45:20 +0300
Processing by ProjectsController#index as HTML
  Rendering projects/index.html.erb within layouts/application
  [1m[36mProject Load (0.3ms)[0m  [1m[34mSELECT "projects".* FROM "projects"[0m
  ↳ app/views/projects/index.html.erb:4
  [1m[36mTask Load (0.2ms)[0m  [1m[34mSELECT "tasks".* FROM "tasks" WHERE "tasks"."project_id" = $1[0m  [["project_id", 1]]
  ↳ app/views/projects/index.html.erb:47
  Rendered projects/index.html.erb within layouts/application (6.6ms)
Completed 200 OK in 15ms (Views: 13.5ms | ActiveRecord: 0.5ms)


Started GET "/tasks/2/edit" for 127.0.0.1 at 2019-09-10 23:45:26 +0300
Processing by TasksController#edit as HTML
  Parameters: {"id"=>"2"}
  [1m[36mTask Load (0.2ms)[0m  [1m[34mSELECT  "tasks".* FROM "tasks" WHERE "tasks"."id" = $1 LIMIT $2[0m  [["id", 2], ["LIMIT", 1]]
  ↳ app/controllers/tasks_controller.rb:12
  Rendering tasks/edit.html.erb within layouts/application
  Rendered tasks/edit.html.erb within layouts/application (0.9ms)
Completed 200 OK in 9ms (Views: 7.4ms | ActiveRecord: 0.2ms)


Started PUT "/tasks/2" for 127.0.0.1 at 2019-09-10 23:45:27 +0300
Processing by TasksController#update as HTML
  Parameters: {"utf8"=>"✓", "authenticity_token"=>"YJ74gLjswMo0BtiGbM4aBD52CGGjkN/cBTm+iZ4QVTDp31hYu58t9jrJHj2c7f7pmzG1uAL+h0IpGn9a0GU05w==", "task"=>{"name"=>"Task 1", "status"=>"0"}, "commit"=>"Ok", "id"=>"2"}
  [1m[36mTask Load (0.2ms)[0m  [1m[34mSELECT  "tasks".* FROM "tasks" WHERE "tasks"."id" = $1 LIMIT $2[0m  [["id", 2], ["LIMIT", 1]]
  ↳ app/controllers/tasks_controller.rb:16
  [1m[35m (0.1ms)[0m  [1m[35mBEGIN[0m
  ↳ app/controllers/tasks_controller.rb:18
  [1m[36mProject Load (0.2ms)[0m  [1m[34mSELECT  "projects".* FROM "projects" WHERE "projects"."id" = $1 LIMIT $2[0m  [["id", 1], ["LIMIT", 1]]
  ↳ app/controllers/tasks_controller.rb:18
  [1m[35m (0.1ms)[0m  [1m[35mCOMMIT[0m
  ↳ app/controllers/tasks_controller.rb:18
Redirected to http://localhost:3000/projects
Completed 302 Found in 3ms (ActiveRecord: 0.6ms)


Started GET "/projects" for 127.0.0.1 at 2019-09-10 23:45:27 +0300
Processing by ProjectsController#index as HTML
  Rendering projects/index.html.erb within layouts/application
  [1m[36mProject Load (0.2ms)[0m  [1m[34mSELECT "projects".* FROM "projects"[0m
  ↳ app/views/projects/index.html.erb:4
  [1m[36mTask Load (0.1ms)[0m  [1m[34mSELECT "tasks".* FROM "tasks" WHERE "tasks"."project_id" = $1[0m  [["project_id", 1]]
  ↳ app/views/projects/index.html.erb:47
  Rendered projects/index.html.erb within layouts/application (4.5ms)
Completed 200 OK in 12ms (Views: 11.5ms | ActiveRecord: 0.3ms)


Started POST "/tasks" for 127.0.0.1 at 2019-09-10 23:45:29 +0300
Processing by TasksController#create as HTML
  Parameters: {"utf8"=>"✓", "authenticity_token"=>"xKzPmjzrfx6vLWWA5A6EWSXLNSfVdUry7HU8t9txIoJN7W9CP5iSIqHiozsULWC0gIyI/nQbEmzAVv1klQRDVQ==", "task"=>{"name"=>"", "project_id"=>"1"}, "commit"=>"Create"}
  [1m[35m (0.1ms)[0m  [1m[35mBEGIN[0m
  ↳ app/controllers/tasks_controller.rb:7
  [1m[36mProject Load (0.2ms)[0m  [1m[34mSELECT  "projects".* FROM "projects" WHERE "projects"."id" = $1 LIMIT $2[0m  [["id", 1], ["LIMIT", 1]]
  ↳ app/controllers/tasks_controller.rb:7
  [1m[35m (0.1ms)[0m  [1m[31mROLLBACK[0m
  ↳ app/controllers/tasks_controller.rb:7
Redirected to http://localhost:3000/projects
Completed 302 Found in 4ms (ActiveRecord: 0.5ms)


Started GET "/projects" for 127.0.0.1 at 2019-09-10 23:45:29 +0300
Processing by ProjectsController#index as HTML
  Rendering projects/index.html.erb within layouts/application
  [1m[36mProject Load (0.3ms)[0m  [1m[34mSELECT "projects".* FROM "projects"[0m
  ↳ app/views/projects/index.html.erb:4
  [1m[36mTask Load (0.2ms)[0m  [1m[34mSELECT "tasks".* FROM "tasks" WHERE "tasks"."project_id" = $1[0m  [["project_id", 1]]
  ↳ app/views/projects/index.html.erb:47
  Rendered projects/index.html.erb within layouts/application (5.5ms)
Completed 200 OK in 15ms (Views: 13.5ms | ActiveRecord: 0.5ms)


Started GET "/projects/new" for 127.0.0.1 at 2019-09-10 23:45:31 +0300
Processing by ProjectsController#new as HTML
  Rendering projects/new.html.erb within layouts/application
  Rendered projects/_form.html.erb (0.3ms)
  Rendered projects/new.html.erb within layouts/application (1.3ms)
Completed 200 OK in 8ms (Views: 8.0ms | ActiveRecord: 0.0ms)


Started POST "/projects" for 127.0.0.1 at 2019-09-10 23:45:32 +0300
Processing by ProjectsController#create as HTML
  Parameters: {"utf8"=>"✓", "authenticity_token"=>"9+zswfBp8vBy7vSnV9CTxcZJhdDYa69FmW9wHl94jMB+rUwZ8xofzHwhMhyn83coYw44CXkF99u1TLHNEQ3tFw==", "project"=>{"name"=>""}, "commit"=>"Ok"}
  [1m[35m (0.1ms)[0m  [1m[35mBEGIN[0m
  ↳ app/controllers/projects_controller.rb:13
  [1m[36mProject Exists (0.2ms)[0m  [1m[34mSELECT  1 AS one FROM "projects" WHERE "projects"."name" = $1 LIMIT $2[0m  [["name", ""], ["LIMIT", 1]]
  ↳ app/controllers/projects_controller.rb:13
  [1m[35m (0.1ms)[0m  [1m[31mROLLBACK[0m
  ↳ app/controllers/projects_controller.rb:13
  Rendering projects/new.html.erb within layouts/application
  Rendered projects/_form.html.erb (0.5ms)
  Rendered projects/new.html.erb within layouts/application (1.3ms)
Completed 200 OK in 13ms (Views: 10.9ms | ActiveRecord: 0.5ms)


Started POST "/projects" for 127.0.0.1 at 2019-09-10 23:45:33 +0300
Processing by ProjectsController#create as HTML
  Parameters: {"utf8"=>"✓", "authenticity_token"=>"EkOfI87PBMx8ZpOBc6EN6Q/QrIIbXU9yDy5g2jbzGiObAj/7zbzp8HKpVTqDgukEqpcRW7ozF+wjDaEJeIZ79A==", "project"=>{"name"=>""}, "commit"=>"Ok"}
  [1m[35m (0.1ms)[0m  [1m[35mBEGIN[0m
  ↳ app/controllers/projects_controller.rb:13
  [1m[36mProject Exists (0.2ms)[0m  [1m[34mSELECT  1 AS one FROM "projects" WHERE "projects"."name" = $1 LIMIT $2[0m  [["name", ""], ["LIMIT", 1]]
  ↳ app/controllers/projects_controller.rb:13
  [1m[35m (0.1ms)[0m  [1m[31mROLLBACK[0m
  ↳ app/controllers/projects_controller.rb:13
  Rendering projects/new.html.erb within layouts/application
  Rendered projects/_form.html.erb (0.5ms)
  Rendered projects/new.html.erb within layouts/application (1.5ms)
Completed 200 OK in 21ms (Views: 18.4ms | ActiveRecord: 0.4ms)


Started POST "/projects" for 127.0.0.1 at 2019-09-10 23:45:41 +0300
Processing by ProjectsController#create as HTML
  Parameters: {"utf8"=>"✓", "authenticity_token"=>"B+Z4uuWk2GCUEYELXZgAC3pN0Io39FLT0GyLZ8FV8fqOp9hi5tc1XJreR7Ctu+Tm3wptU5aaCk38T0q0jyCQLQ==", "project"=>{"name"=>"Task 1"}, "commit"=>"Ok"}
  [1m[35m (0.1ms)[0m  [1m[35mBEGIN[0m
  ↳ app/controllers/projects_controller.rb:13
  [1m[36mProject Exists (0.2ms)[0m  [1m[34mSELECT  1 AS one FROM "projects" WHERE "projects"."name" = $1 LIMIT $2[0m  [["name", "Task 1"], ["LIMIT", 1]]
  ↳ app/controllers/projects_controller.rb:13
  [1m[36mProject Create (0.2ms)[0m  [1m[32mINSERT INTO "projects" ("name", "created_at", "updated_at") VALUES ($1, $2, $3) RETURNING "id"[0m  [["name", "Task 1"], ["created_at", "2019-09-10 20:45:41.080373"], ["updated_at", "2019-09-10 20:45:41.080373"]]
  ↳ app/controllers/projects_controller.rb:13
  [1m[35m (0.8ms)[0m  [1m[35mCOMMIT[0m
  ↳ app/controllers/projects_controller.rb:13
Redirected to http://localhost:3000/projects
Completed 302 Found in 3ms (ActiveRecord: 1.3ms)


Started GET "/projects" for 127.0.0.1 at 2019-09-10 23:45:41 +0300
Processing by ProjectsController#index as HTML
  Rendering projects/index.html.erb within layouts/application
  [1m[36mProject Load (0.3ms)[0m  [1m[34mSELECT "projects".* FROM "projects"[0m
  ↳ app/views/projects/index.html.erb:4
  [1m[36mTask Load (0.2ms)[0m  [1m[34mSELECT "tasks".* FROM "tasks" WHERE "tasks"."project_id" = $1[0m  [["project_id", 1]]
  ↳ app/views/projects/index.html.erb:47
  [1m[36mTask Load (0.1ms)[0m  [1m[34mSELECT "tasks".* FROM "tasks" WHERE "tasks"."project_id" = $1[0m  [["project_id", 3]]
  ↳ app/views/projects/index.html.erb:47
  Rendered projects/index.html.erb within layouts/application (6.4ms)
Completed 200 OK in 13ms (Views: 11.7ms | ActiveRecord: 0.6ms)


Started GET "/tasks/2/edit" for 127.0.0.1 at 2019-09-10 23:45:44 +0300
Processing by TasksController#edit as HTML
  Parameters: {"id"=>"2"}
  [1m[36mTask Load (0.2ms)[0m  [1m[34mSELECT  "tasks".* FROM "tasks" WHERE "tasks"."id" = $1 LIMIT $2[0m  [["id", 2], ["LIMIT", 1]]
  ↳ app/controllers/tasks_controller.rb:12
  Rendering tasks/edit.html.erb within layouts/application
  Rendered tasks/edit.html.erb within layouts/application (1.0ms)
Completed 200 OK in 9ms (Views: 8.0ms | ActiveRecord: 0.2ms)


Started PUT "/tasks/2" for 127.0.0.1 at 2019-09-10 23:45:46 +0300
Processing by TasksController#update as HTML
  Parameters: {"utf8"=>"✓", "authenticity_token"=>"UBxc/aB8uEYkQQWzqmTcn59tE9CKGIZmcInjouiOlTbZXfwlow9VeiqOwwhaRzhyOiquCSt23vhcqiJxpvv04Q==", "task"=>{"name"=>"", "status"=>"0"}, "commit"=>"Ok", "id"=>"2"}
  [1m[36mTask Load (0.2ms)[0m  [1m[34mSELECT  "tasks".* FROM "tasks" WHERE "tasks"."id" = $1 LIMIT $2[0m  [["id", 2], ["LIMIT", 1]]
  ↳ app/controllers/tasks_controller.rb:16
  [1m[35m (0.1ms)[0m  [1m[35mBEGIN[0m
  ↳ app/controllers/tasks_controller.rb:18
  [1m[36mProject Load (0.1ms)[0m  [1m[34mSELECT  "projects".* FROM "projects" WHERE "projects"."id" = $1 LIMIT $2[0m  [["id", 1], ["LIMIT", 1]]
  ↳ app/controllers/tasks_controller.rb:18
  [1m[35m (0.1ms)[0m  [1m[31mROLLBACK[0m
  ↳ app/controllers/tasks_controller.rb:18
  Rendering tasks/edit.html.erb within layouts/application
  Rendered tasks/edit.html.erb within layouts/application (1.0ms)
Completed 200 OK in 10ms (Views: 7.3ms | ActiveRecord: 0.5ms)


Started PUT "/tasks/2" for 127.0.0.1 at 2019-09-10 23:45:50 +0300
Processing by TasksController#update as HTML
  Parameters: {"utf8"=>"✓", "authenticity_token"=>"IfpheTTkIXxKgqfSs2DPuCR/YK3oX11MqvrHmToFo/eou8GhN5fMQERNYWlDQytVgTjddEkxBdKG2QZKdHDCIA==", "task"=>{"name"=>"Name", "status"=>"0"}, "commit"=>"Ok", "id"=>"2"}
  [1m[36mTask Load (0.2ms)[0m  [1m[34mSELECT  "tasks".* FROM "tasks" WHERE "tasks"."id" = $1 LIMIT $2[0m  [["id", 2], ["LIMIT", 1]]
  ↳ app/controllers/tasks_controller.rb:16
  [1m[35m (0.1ms)[0m  [1m[35mBEGIN[0m
  ↳ app/controllers/tasks_controller.rb:18
  [1m[36mProject Load (0.1ms)[0m  [1m[34mSELECT  "projects".* FROM "projects" WHERE "projects"."id" = $1 LIMIT $2[0m  [["id", 1], ["LIMIT", 1]]
  ↳ app/controllers/tasks_controller.rb:18
  [1m[36mTask Update (0.2ms)[0m  [1m[33mUPDATE "tasks" SET "name" = $1, "updated_at" = $2 WHERE "tasks"."id" = $3[0m  [["name", "Name"], ["updated_at", "2019-09-10 20:45:50.312259"], ["id", 2]]
  ↳ app/controllers/tasks_controller.rb:18
  [1m[35m (0.8ms)[0m  [1m[35mCOMMIT[0m
  ↳ app/controllers/tasks_controller.rb:18
Redirected to http://localhost:3000/projects
Completed 302 Found in 4ms (ActiveRecord: 1.4ms)


Started GET "/projects" for 127.0.0.1 at 2019-09-10 23:45:50 +0300
Processing by ProjectsController#index as HTML
  Rendering projects/index.html.erb within layouts/application
  [1m[36mProject Load (0.3ms)[0m  [1m[34mSELECT "projects".* FROM "projects"[0m
  ↳ app/views/projects/index.html.erb:4
  [1m[36mTask Load (0.2ms)[0m  [1m[34mSELECT "tasks".* FROM "tasks" WHERE "tasks"."project_id" = $1[0m  [["project_id", 1]]
  ↳ app/views/projects/index.html.erb:47
  [1m[36mTask Load (0.2ms)[0m  [1m[34mSELECT "tasks".* FROM "tasks" WHERE "tasks"."project_id" = $1[0m  [["project_id", 3]]
  ↳ app/views/projects/index.html.erb:47
  Rendered projects/index.html.erb within layouts/application (7.7ms)
Completed 200 OK in 15ms (Views: 14.0ms | ActiveRecord: 0.7ms)


Started DELETE "/projects/3" for 127.0.0.1 at 2019-09-10 23:45:53 +0300
Processing by ProjectsController#destroy as HTML
  Parameters: {"authenticity_token"=>"TPmBkt57FYlHoYldNB+QQpBKmveJU/sQhXdjC6z/D7vFuCFK3Qj4tUluT+bEPHSvNQ0nLig9o46pVKLY4opubA==", "id"=>"3"}
  [1m[36mProject Load (0.2ms)[0m  [1m[34mSELECT  "projects".* FROM "projects" WHERE "projects"."id" = $1 LIMIT $2[0m  [["id", 3], ["LIMIT", 1]]
  ↳ app/controllers/projects_controller.rb:39
  [1m[35m (0.1ms)[0m  [1m[35mBEGIN[0m
  ↳ app/controllers/projects_controller.rb:40
  [1m[36mTask Destroy (0.2ms)[0m  [1m[31mDELETE FROM "tasks" WHERE "tasks"."project_id" = $1[0m  [["project_id", 3]]
  ↳ app/controllers/projects_controller.rb:40
  [1m[36mProject Destroy (0.2ms)[0m  [1m[31mDELETE FROM "projects" WHERE "projects"."id" = $1[0m  [["id", 3]]
  ↳ app/controllers/projects_controller.rb:40
  [1m[35m (3.4ms)[0m  [1m[35mCOMMIT[0m
  ↳ app/controllers/projects_controller.rb:40
Redirected to http://localhost:3000/projects
Completed 302 Found in 6ms (ActiveRecord: 4.1ms)


Started GET "/projects" for 127.0.0.1 at 2019-09-10 23:45:53 +0300
Processing by ProjectsController#index as HTML
  Rendering projects/index.html.erb within layouts/application
  [1m[36mProject Load (0.2ms)[0m  [1m[34mSELECT "projects".* FROM "projects"[0m
  ↳ app/views/projects/index.html.erb:4
  [1m[36mTask Load (0.2ms)[0m  [1m[34mSELECT "tasks".* FROM "tasks" WHERE "tasks"."project_id" = $1[0m  [["project_id", 1]]
  ↳ app/views/projects/index.html.erb:47
  Rendered projects/index.html.erb within layouts/application (5.1ms)
Completed 200 OK in 14ms (Views: 13.2ms | ActiveRecord: 0.5ms)


Started DELETE "/projects/1" for 127.0.0.1 at 2019-09-10 23:45:55 +0300
Processing by ProjectsController#destroy as HTML
  Parameters: {"authenticity_token"=>"eXNl6hc/tvDm16/UV/rT6XJePiCEV1XyIrxe3yuBpQ3wMsUyFExbzOgYaW+n2TcE1xmD+SU5DWwOn58MZfTE2g==", "id"=>"1"}
  [1m[36mProject Load (0.2ms)[0m  [1m[34mSELECT  "projects".* FROM "projects" WHERE "projects"."id" = $1 LIMIT $2[0m  [["id", 1], ["LIMIT", 1]]
  ↳ app/controllers/projects_controller.rb:39
  [1m[35m (0.1ms)[0m  [1m[35mBEGIN[0m
  ↳ app/controllers/projects_controller.rb:40
  [1m[36mTask Destroy (0.2ms)[0m  [1m[31mDELETE FROM "tasks" WHERE "tasks"."project_id" = $1[0m  [["project_id", 1]]
  ↳ app/controllers/projects_controller.rb:40
  [1m[36mProject Destroy (0.2ms)[0m  [1m[31mDELETE FROM "projects" WHERE "projects"."id" = $1[0m  [["id", 1]]
  ↳ app/controllers/projects_controller.rb:40
  [1m[35m (85.0ms)[0m  [1m[35mCOMMIT[0m
  ↳ app/controllers/projects_controller.rb:40
Redirected to http://localhost:3000/projects
Completed 302 Found in 88ms (ActiveRecord: 85.6ms)


Started GET "/projects" for 127.0.0.1 at 2019-09-10 23:45:55 +0300
Processing by ProjectsController#index as HTML
  Rendering projects/index.html.erb within layouts/application
  [1m[36mProject Load (0.2ms)[0m  [1m[34mSELECT "projects".* FROM "projects"[0m
  ↳ app/views/projects/index.html.erb:4
  Rendered projects/index.html.erb within layouts/application (1.5ms)
Completed 200 OK in 11ms (Views: 10.7ms | ActiveRecord: 0.2ms)


Started GET "/projects/new" for 127.0.0.1 at 2019-09-10 23:45:56 +0300
Processing by ProjectsController#new as HTML
  Rendering projects/new.html.erb within layouts/application
  Rendered projects/_form.html.erb (0.3ms)
  Rendered projects/new.html.erb within layouts/application (1.5ms)
Completed 200 OK in 9ms (Views: 8.4ms | ActiveRecord: 0.0ms)


Started POST "/projects" for 127.0.0.1 at 2019-09-10 23:45:58 +0300
Processing by ProjectsController#create as HTML
  Parameters: {"utf8"=>"✓", "authenticity_token"=>"Qv3ehJO2UqmYgDmIRnbXFHOJgbnH/hLPRZRBajcUiQHLvH5ckMW/lZZP/zO2VTP51s48YGaQSlFpt4C5eWHo1g==", "project"=>{"name"=>"Name"}, "commit"=>"Ok"}
  [1m[35m (0.1ms)[0m  [1m[35mBEGIN[0m
  ↳ app/controllers/projects_controller.rb:13
  [1m[36mProject Exists (0.2ms)[0m  [1m[34mSELECT  1 AS one FROM "projects" WHERE "projects"."name" = $1 LIMIT $2[0m  [["name", "Name"], ["LIMIT", 1]]
  ↳ app/controllers/projects_controller.rb:13
  [1m[36mProject Create (0.2ms)[0m  [1m[32mINSERT INTO "projects" ("name", "created_at", "updated_at") VALUES ($1, $2, $3) RETURNING "id"[0m  [["name", "Name"], ["created_at", "2019-09-10 20:45:58.728225"], ["updated_at", "2019-09-10 20:45:58.728225"]]
  ↳ app/controllers/projects_controller.rb:13
  [1m[35m (1.0ms)[0m  [1m[35mCOMMIT[0m
  ↳ app/controllers/projects_controller.rb:13
Redirected to http://localhost:3000/projects
Completed 302 Found in 3ms (ActiveRecord: 1.5ms)


Started GET "/projects" for 127.0.0.1 at 2019-09-10 23:45:58 +0300
Processing by ProjectsController#index as HTML
  Rendering projects/index.html.erb within layouts/application
  [1m[36mProject Load (0.2ms)[0m  [1m[34mSELECT "projects".* FROM "projects"[0m
  ↳ app/views/projects/index.html.erb:4
  [1m[36mTask Load (0.2ms)[0m  [1m[34mSELECT "tasks".* FROM "tasks" WHERE "tasks"."project_id" = $1[0m  [["project_id", 4]]
  ↳ app/views/projects/index.html.erb:47
  Rendered projects/index.html.erb within layouts/application (4.4ms)
Completed 200 OK in 20ms (Views: 18.8ms | ActiveRecord: 0.4ms)


